 *File List*
ctuthesis.cls    2014/01/32 v0.1 Class for typesetting CTU theses and alike
   expl3.sty    2014/11/25 v5471 L3 programming layer (loader) 
expl3-code.tex    2014/11/25 v5471 L3 programming layer 
    etex.sty    1998/03/26 v2.0 eTeX basic definition package (PEB)
l3unicode-data.def    2014/11/23 v5465 L3 Unicode data
l3pdfmode.def    2014/11/23 v5466 L3 Experimental driver: PDF mode
l3keys2e.sty    2014/11/25 v5471 LaTeX2e option processing using LaTeX3 keys
 environ.sty    2014/05/04 v0.3 A new way to define environments
trimspaces.sty    2009/09/17 v1.1 Trim spaces around a token list
  xparse.sty    2014/11/25 v5471 L3 Experimental document command parser
inputenc.sty    2014/04/30 v1.2b Input encoding file
    utf8.def    2014/09/29 v1.1m UTF-8 support for inputenc
   t1enc.dfu    2014/09/29 v1.1m UTF-8 support for inputenc
  ot1enc.dfu    2014/09/29 v1.1m UTF-8 support for inputenc
  omsenc.dfu    2014/09/29 v1.1m UTF-8 support for inputenc
ctuth-core.tex    2014/01/18 v0.1 "Core"partoftheclassctuthesis
    book.cls    2014/09/29 v1.4h Standard LaTeX document class
    bk11.clo    2014/09/29 v1.4h Standard LaTeX file (size option)
ctuth-names.tex
ctuth-pkg.tex
 lmodern.sty    2009/10/30 v1.6 Latin Modern Fonts
 fontenc.sty
   t1enc.def    2005/09/27 v1.99g Standard LaTeX file
graphicx.sty    2014/10/28 v1.0g Enhanced LaTeX Graphics (DPC,SPQR)
  keyval.sty    2014/10/28 v1.15 key=value parser (DPC)
graphics.sty    2014/10/28 v1.0p Standard LaTeX Graphics (DPC,SPQR)
    trig.sty    1999/03/16 v1.09 sin cos tan (DPC)
graphics.cfg    2010/04/23 v1.9 graphics configuration of TeX Live
  pdftex.def    2011/05/27 v0.06d Graphics/color for pdfTeX
infwarerr.sty    2010/04/08 v1.3 Providing info/warning/error messages (HO)
 ltxcmds.sty    2011/11/09 v1.22 LaTeX kernel commands for general use (HO)
pdfpages.sty    2013/08/25 v0.4v Insert pages of external PDF documents (AM)
  ifthen.sty    2014/09/29 v1.1c Standard LaTeX ifthen package (DPC)
    calc.sty    2014/10/28 v4.3 Infix arithmetic (KKT,FJ)
 eso-pic.sty    2013/10/06 v2.0d eso-pic (RN)
atbegshi.sty    2011/10/05 v1.16 At begin shipout hook (HO)
   ifpdf.sty    2011/01/30 v2.3 Provides the ifpdf switch (HO)
  xcolor.sty    2007/01/21 v2.11 LaTeX color extensions (UK)
   color.cfg    2007/01/18 v1.5 color configuration of teTeX/TeXLive
pppdftex.def    2013/08/25 v0.4v Pdfpages driver for pdfTeX (AM)
   babel.sty    2014/09/25 3.9l The Babel package
 english.ldf    2012/08/20 v3.3p English support from the babel system
  slovak.ldf    2008/07/06 v3.1a Slovak support from the babel system
   czech.ldf    2008/07/06 v3.1a Czech support from the babel system
 english.ldf    2012/08/20 v3.3p English support from the babel system
geometry.sty    2010/09/12 v5.6 Page Geometry
  ifvtex.sty    2010/03/01 v1.5 Detect VTeX and its facilities (HO)
 ifxetex.sty    2010/09/12 v0.6 Provides ifxetex conditional
titlesec.sty    2011/12/15 v2.10.0 Sectioning titles
fancyhdr.sty    
  t1lmss.fd    2009/10/30 v1.6 Font defs for Latin Modern
   float.sty    2001/11/08 v1.3d Float enhancements (AL)
 caption.sty    2013/05/02 v3.3-89 Customizing captions (AR)
caption3.sty    2013/05/02 v1.6-88 caption3 kernel (AR)
booktabs.sty    2005/04/14 v1.61803 publication quality tables
 amsmath.sty    2013/01/14 v2.14 AMS math features
 amstext.sty    2000/06/29 v2.01
  amsgen.sty    1999/11/30 v2.0
  amsbsy.sty    1999/11/29 v1.2d
  amsopn.sty    1999/12/14 v2.01 operator names
 amssymb.sty    2013/01/14 v3.01 AMS font symbols
amsfonts.sty    2013/01/14 v3.01 Basic AMSFonts support
  amsthm.sty    2009/07/02 v2.20.1
multicol.sty    2014/10/28 v1.8i multicolumn formatting (FMi)
ctuth-templates.tex
 makeidx.sty    2014/09/29 v1.0m Standard LaTeX package
hyperref.sty    2012/11/06 v6.83m Hypertext links for LaTeX
hobsub-hyperref.sty    2012/05/28 v1.13 Bundle oberdiek, subset hyperref (HO)
hobsub-generic.sty    2012/05/28 v1.13 Bundle oberdiek, subset generic (HO)
  hobsub.sty    2012/05/28 v1.13 Construct package bundles (HO)
ifluatex.sty    2010/03/01 v1.3 Provides the ifluatex switch (HO)
 intcalc.sty    2007/09/27 v1.1 Expandable calculations with integers (HO)
etexcmds.sty    2011/02/16 v1.5 Avoid name clashes with e-TeX commands (HO)
kvsetkeys.sty    2012/04/25 v1.16 Key value parser (HO)
kvdefinekeys.sty    2011/04/07 v1.3 Define keys (HO)
pdftexcmds.sty    2011/11/29 v0.20 Utility functions of pdfTeX for LuaTeX (HO)
pdfescape.sty    2011/11/25 v1.13 Implements pdfTeX's escape features (HO)
bigintcalc.sty    2012/04/08 v1.3 Expandable calculations on big integers (HO)
  bitset.sty    2011/01/30 v1.1 Handle bit-vector datatype (HO)
uniquecounter.sty    2011/01/30 v1.2 Provide unlimited unique counter (HO)
letltxmacro.sty    2010/09/02 v1.4 Let assignment for LaTeX macros (HO)
 hopatch.sty    2012/05/28 v1.2 Wrapper for package hooks (HO)
xcolor-patch.sty    2011/01/30 xcolor patch
atveryend.sty    2011/06/30 v1.8 Hooks at the very end of document (HO)
refcount.sty    2011/10/16 v3.4 Data extraction from label references (HO)
 hycolor.sty    2011/01/30 v1.7 Color options for hyperref/bookmark (HO)
 auxhook.sty    2011/03/04 v1.3 Hooks for auxiliary files (HO)
kvoptions.sty    2011/06/30 v3.11 Key value format for package options (HO)
  pd1enc.def    2012/11/06 v6.83m Hyperref: PDFDocEncoding definition (HO)
hyperref.cfg    2002/06/06 v1.2 hyperref configuration of TeXLive
     url.sty    2013/09/16  ver 3.4  Verb mode for urls, etc.
 hpdftex.def    2012/11/06 v6.83m Hyperref driver for pdfTeX
rerunfilecheck.sty    2011/04/15 v1.7 Rerun checks for auxiliary files (HO)
  lineno.sty    2005/11/02 line numbers on paragraphs v4.41
  lipsum.sty    2014/07/27 v1.3 150 paragraphs of Lorem Ipsum dummy text
blindtext.sty    2012/01/06 V2.0 blindtext-Package
  xspace.sty    2014/10/28 v1.13 Space after command names (DPC,MH)
mathrsfs.sty    1996/01/01 Math RSFS package v1.0 (jk)
   t1lmr.fd    2009/10/30 v1.6 Font defs for Latin Modern
supp-pdf.mkii
epstopdf-base.sty    2010/02/09 v2.5 Base part for package epstopdf
  grfext.sty    2010/08/19 v1.1 Manage graphics extensions (HO)
epstopdf-sys.cfg    2010/07/13 v1.3 Configuration of (r)epstopdf for TeX Live
 nameref.sty    2012/10/27 v2.43 Cross-referencing by name of section
gettitlestring.sty    2010/12/03 v1.4 Cleanup title references (HO)
 ctutest.out
 ctutest.out
  ot1lmr.fd    2009/10/30 v1.6 Font defs for Latin Modern
  omllmm.fd    2009/10/30 v1.6 Font defs for Latin Modern
 omslmsy.fd    2009/10/30 v1.6 Font defs for Latin Modern
 omxlmex.fd    2009/10/30 v1.6 Font defs for Latin Modern
    umsa.fd    2013/01/14 v3.01 AMS symbols A
    umsb.fd    2013/01/14 v3.01 AMS symbols B
   ursfs.fd    1998/03/24 rsfs font definition file (jk)
ctu_logo_black.pdf    Graphic file (type pdf)
    ueuf.fd    2013/01/14 v3.01 Euler Fraktur
ctutest-1.tex
ctutest-2.tex
ctu_logo_black.pdf    Graphic file (type pdf)
ctu_logo_blue.pdf    Graphic file (type pdf)
 ctutest.ind
 ctutest.bbl
ctutest-zadani.pdf    Graphic file (type pdf)
ctutest-zadani.pdf    Graphic file (type pdf)
ctutest-zadani.pdf    Graphic file (type pdf)
ctutest-zadani.pdf    Graphic file (type pdf)
ctutest-zadani.pdf    Graphic file (type pdf)
 ***********
